<?xml version="1.0" encoding="UTF-8"?>
<testsuite xmlns:xsi="http://www.w3.org/2001/XMLSchema-instance" xsi:noNamespaceSchemaLocation="https://maven.apache.org/surefire/maven-surefire-plugin/xsd/surefire-test-report.xsd" name="EncodeTest" time="0.002" tests="1" errors="0" skipped="0" failures="0">
  <properties>
    <property name="java.specification.version" value="17"/>
    <property name="sun.jnu.encoding" value="UTF-8"/>
    <property name="java.class.path" value="/Users/miki/Drive/Workspaces/Kotlin/super_bech32m/target/test-classes:/Users/miki/Drive/Workspaces/Kotlin/super_bech32m/target/classes:/Users/miki/.m2/repository/org/jetbrains/kotlin/kotlin-test-junit5/1.6.10/kotlin-test-junit5-1.6.10.jar:/Users/miki/.m2/repository/org/jetbrains/kotlin/kotlin-test/1.6.10/kotlin-test-1.6.10.jar:/Users/miki/.m2/repository/org/assertj/assertj-core/3.12.2/assertj-core-3.12.2.jar:/Users/miki/.m2/repository/org/junit/jupiter/junit-jupiter-api/5.8.2/junit-jupiter-api-5.8.2.jar:/Users/miki/.m2/repository/org/opentest4j/opentest4j/1.2.0/opentest4j-1.2.0.jar:/Users/miki/.m2/repository/org/junit/platform/junit-platform-commons/1.8.2/junit-platform-commons-1.8.2.jar:/Users/miki/.m2/repository/org/apiguardian/apiguardian-api/1.1.2/apiguardian-api-1.1.2.jar:/Users/miki/.m2/repository/org/junit/jupiter/junit-jupiter-engine/5.8.0/junit-jupiter-engine-5.8.0.jar:/Users/miki/.m2/repository/org/junit/platform/junit-platform-engine/1.8.0/junit-platform-engine-1.8.0.jar:/Users/miki/.m2/repository/org/jetbrains/kotlin/kotlin-stdlib-jdk8/1.5.10/kotlin-stdlib-jdk8-1.5.10.jar:/Users/miki/.m2/repository/org/jetbrains/kotlin/kotlin-stdlib/1.5.10/kotlin-stdlib-1.5.10.jar:/Users/miki/.m2/repository/org/jetbrains/annotations/13.0/annotations-13.0.jar:/Users/miki/.m2/repository/org/jetbrains/kotlin/kotlin-stdlib-common/1.5.10/kotlin-stdlib-common-1.5.10.jar:/Users/miki/.m2/repository/org/jetbrains/kotlin/kotlin-stdlib-jdk7/1.5.10/kotlin-stdlib-jdk7-1.5.10.jar:/Users/miki/.m2/repository/junit/junit/4.13.2/junit-4.13.2.jar:/Users/miki/.m2/repository/org/hamcrest/hamcrest-core/1.3/hamcrest-core-1.3.jar:"/>
    <property name="java.vm.vendor" value="Oracle Corporation"/>
    <property name="sun.arch.data.model" value="64"/>
    <property name="java.vendor.url" value="https://java.oracle.com/"/>
    <property name="os.name" value="Mac OS X"/>
    <property name="java.vm.specification.version" value="17"/>
    <property name="sun.java.launcher" value="SUN_STANDARD"/>
    <property name="user.country" value="GB"/>
    <property name="sun.boot.library.path" value="/Users/miki/Library/Java/JavaVirtualMachines/openjdk-17/Contents/Home/lib"/>
    <property name="sun.java.command" value="/Users/miki/Drive/Workspaces/Kotlin/super_bech32m/target/surefire/surefirebooter412386063991494567.jar /Users/miki/Drive/Workspaces/Kotlin/super_bech32m/target/surefire 2022-03-13T20-38-30_043-jvmRun1 surefire2435662941612922883tmp surefire_07322152022625865963tmp"/>
    <property name="http.nonProxyHosts" value="local|*.local|169.254/16|*.169.254/16"/>
    <property name="jdk.debug" value="release"/>
    <property name="surefire.test.class.path" value="/Users/miki/Drive/Workspaces/Kotlin/super_bech32m/target/test-classes:/Users/miki/Drive/Workspaces/Kotlin/super_bech32m/target/classes:/Users/miki/.m2/repository/org/jetbrains/kotlin/kotlin-test-junit5/1.6.10/kotlin-test-junit5-1.6.10.jar:/Users/miki/.m2/repository/org/jetbrains/kotlin/kotlin-test/1.6.10/kotlin-test-1.6.10.jar:/Users/miki/.m2/repository/org/assertj/assertj-core/3.12.2/assertj-core-3.12.2.jar:/Users/miki/.m2/repository/org/junit/jupiter/junit-jupiter-api/5.8.2/junit-jupiter-api-5.8.2.jar:/Users/miki/.m2/repository/org/opentest4j/opentest4j/1.2.0/opentest4j-1.2.0.jar:/Users/miki/.m2/repository/org/junit/platform/junit-platform-commons/1.8.2/junit-platform-commons-1.8.2.jar:/Users/miki/.m2/repository/org/apiguardian/apiguardian-api/1.1.2/apiguardian-api-1.1.2.jar:/Users/miki/.m2/repository/org/junit/jupiter/junit-jupiter-engine/5.8.0/junit-jupiter-engine-5.8.0.jar:/Users/miki/.m2/repository/org/junit/platform/junit-platform-engine/1.8.0/junit-platform-engine-1.8.0.jar:/Users/miki/.m2/repository/org/jetbrains/kotlin/kotlin-stdlib-jdk8/1.5.10/kotlin-stdlib-jdk8-1.5.10.jar:/Users/miki/.m2/repository/org/jetbrains/kotlin/kotlin-stdlib/1.5.10/kotlin-stdlib-1.5.10.jar:/Users/miki/.m2/repository/org/jetbrains/annotations/13.0/annotations-13.0.jar:/Users/miki/.m2/repository/org/jetbrains/kotlin/kotlin-stdlib-common/1.5.10/kotlin-stdlib-common-1.5.10.jar:/Users/miki/.m2/repository/org/jetbrains/kotlin/kotlin-stdlib-jdk7/1.5.10/kotlin-stdlib-jdk7-1.5.10.jar:/Users/miki/.m2/repository/junit/junit/4.13.2/junit-4.13.2.jar:/Users/miki/.m2/repository/org/hamcrest/hamcrest-core/1.3/hamcrest-core-1.3.jar:"/>
    <property name="sun.cpu.endian" value="little"/>
    <property name="user.home" value="/Users/miki"/>
    <property name="user.language" value="en"/>
    <property name="java.specification.vendor" value="Oracle Corporation"/>
    <property name="java.version.date" value="2021-09-14"/>
    <property name="java.home" value="/Users/miki/Library/Java/JavaVirtualMachines/openjdk-17/Contents/Home"/>
    <property name="file.separator" value="/"/>
    <property name="basedir" value="/Users/miki/Drive/Workspaces/Kotlin/super_bech32m"/>
    <property name="java.vm.compressedOopsMode" value="Zero based"/>
    <property name="line.separator" value="&#10;"/>
    <property name="java.specification.name" value="Java Platform API Specification"/>
    <property name="java.vm.specification.vendor" value="Oracle Corporation"/>
    <property name="surefire.real.class.path" value="/Users/miki/Drive/Workspaces/Kotlin/super_bech32m/target/surefire/surefirebooter412386063991494567.jar"/>
    <property name="sun.management.compiler" value="HotSpot 64-Bit Tiered Compilers"/>
    <property name="ftp.nonProxyHosts" value="local|*.local|169.254/16|*.169.254/16"/>
    <property name="java.runtime.version" value="17+35-2724"/>
    <property name="user.name" value="miki"/>
    <property name="path.separator" value=":"/>
    <property name="os.version" value="12.1"/>
    <property name="java.runtime.name" value="OpenJDK Runtime Environment"/>
    <property name="file.encoding" value="UTF-8"/>
    <property name="java.vm.name" value="OpenJDK 64-Bit Server VM"/>
    <property name="localRepository" value="/Users/miki/.m2/repository"/>
    <property name="java.vendor.url.bug" value="https://bugreport.java.com/bugreport/"/>
    <property name="java.io.tmpdir" value="/var/folders/85/kmxph24n1cs20tsc5nkbcp240000gn/T/"/>
    <property name="idea.version" value="2021.3.2"/>
    <property name="java.version" value="17"/>
    <property name="user.dir" value="/Users/miki/Drive/Workspaces/Kotlin/super_bech32m"/>
    <property name="os.arch" value="x86_64"/>
    <property name="java.vm.specification.name" value="Java Virtual Machine Specification"/>
    <property name="native.encoding" value="UTF-8"/>
    <property name="java.library.path" value="/Users/miki/Library/Java/Extensions:/Library/Java/Extensions:/Network/Library/Java/Extensions:/System/Library/Java/Extensions:/usr/lib/java:."/>
    <property name="java.vm.info" value="mixed mode, sharing"/>
    <property name="java.vendor" value="Oracle Corporation"/>
    <property name="java.vm.version" value="17+35-2724"/>
    <property name="sun.io.unicode.encoding" value="UnicodeBig"/>
    <property name="socksNonProxyHosts" value="local|*.local|169.254/16|*.169.254/16"/>
    <property name="java.class.version" value="61.0"/>
  </properties>
  <testcase name="encodeCorrectInput" classname="EncodeTest" time="0.002"/>
</testsuite>